app/build/outputs/mapping/debug/seeds.txt
com.google.mlkit.common.sdkinternal.CloseGuard$Factory: com.google.mlkit.common.sdkinternal.Cleaner zza
com.google.mlkit.vision.text.latin.TextRecognizerOptions: java.util.concurrent.Executor zzb
com.google.android.gms.internal.mlkit_vision_text_bundled_common.zbgd: long zbj
com.google.android.gms.internal.mlkit_vision_text_bundled_common.zbaey: com.google.android.gms.internal.mlkit_vision_text_bundled_common.zbuk zbh
com.google.android.gms.internal.mlkit_vision_text_bundled_common.zbri: com.google.android.gms.internal.mlkit_vision_text_bundled_common.zbri zbb
com.google.mlkit.common.MlKitException: int UNAUTHENTICATED
com.google.mlkit.vision.common.internal.zzd: com.google.android.odml.image.MlImage zzb
com.google.android.gms.internal.mlkit_vision_text_bundled_common.zbnw: float zbh
com.google.android.gms.internal.mlkit_vision_text_bundled_common.zbzo: int zbe
com.google.android.gms.internal.mlkit_vision_text_bundled_common.zbagk: java.lang.String zbf
com.google.android.gms.internal.mlkit_vision_text_bundled_common.zbpp: int zbd
com.google.android.gms.internal.mlkit_vision_text_bundled_common.zbagw: int zbh
com.google.android.gms.internal.mlkit_vision_text_bundled_common.zbbe: com.google.android.gms.internal.mlkit_vision_text_bundled_common.zbbd zbC
com.google.android.gms.internal.mlkit_vision_text_bundled_common.zbms: com.google.android.gms.internal.mlkit_vision_text_bundled_common.zbun zbf
com.google.mlkit.common.internal.model.zze: com.google.mlkit.common.model.CustomRemoteModel zzb
com.google.android.gms.internal.mlkit_vision_text_bundled_common.zbze: boolean zbm
com.google.android.libraries.vision.visionkit.pipeline.zbdo: java.lang.String zbQ
com.google.android.gms.internal.mlkit_vision_text_bundled_common.zbcf: float zbj
com.google.android.libraries.vision.visionkit.pipeline.zbdo: com.google.android.libraries.vision.visionkit.pipeline.zbaa zbi
com.google.android.gms.internal.mlkit_vision_text_bundled_common.zbafm: java.lang.String zbh
com.google.android.gms.internal.mlkit_vision_text_bundled_common.zbq: int zbe
com.google.android.gms.internal.mlkit_vision_text_bundled_common.zbog: android.os.Parcelable$Creator CREATOR
com.google.android.libraries.vision.visionkit.pipeline.zber: int zbe
com.google.android.libraries.vision.visionkit.pipeline.zbds: int zbf
com.google.mlkit.common.sdkinternal.model.RemoteModelDownloadManager: com.google.mlkit.common.sdkinternal.model.RemoteModelFileManager zzm
com.google.android.gms.internal.mlkit_vision_text_bundled_common.zbqq: float zbk
com.google.android.libraries.vision.visionkit.pipeline.zbx: java.lang.String zbf
com.google.android.gms.internal.mlkit_vision_text_bundled_common.zbjs: float zbk
com.google.android.gms.internal.mlkit_vision_text_bundled_common.zbja: com.google.android.gms.internal.mlkit_vision_text_bundled_common.zbja zbb
com.google.android.gms.internal.mlkit_vision_text_bundled_common.zbaey: com.google.android.gms.internal.mlkit_vision_text_bundled_common.zbuk zbf
com.google.mlkit.vision.text.internal.zzq: com.google.mlkit.vision.text.internal.TextRecognizerTaskWithResource zza
com.google.android.gms.internal.mlkit_vision_text_bundled_common.zben: com.google.android.gms.internal.mlkit_vision_text_bundled_common.zbet zbi
com.google.android.gms.internal.mlkit_vision_text_bundled_common.zbact: float zbf
com.google.android.gms.internal.mlkit_vision_text_bundled_common.zbzv: int zbf
com.google.android.gms.internal.mlkit_vision_text_bundled_common.zbcl: int zbd
com.google.android.gms.internal.mlkit_vision_text_bundled_common.zbagk: int zbh
com.google.android.gms.internal.mlkit_vision_text_bundled_common.zbiw: com.google.android.gms.internal.mlkit_vision_text_bundled_common.zbhl zbe
com.google.android.libraries.vision.visionkit.pipeline.zbdo: java.lang.String zbaj
com.google.mlkit.common.sdkinternal.OptionalModuleUtils: java.lang.String CUSTOM_ICA
com.google.android.gms.internal.mlkit_vision_text_bundled_common.zbmn: java.lang.String zbf