app/build/outputs/mapping/debug/mapping.txt
# compiler: R8
# compiler_version: 8.2.47
# min_api: 26
# common_typos_disable
# {"id":"com.android.tools.r8.mapping","version":"2.2"}
# pg_map_id: 437975f
# pg_map_hash: SHA-256 437975fc622a7e6bc77f367279b3b40a4436bb60b2a9c61ad5ba2ce9faa7a84f
...
com.google.android.gms.internal.mlkit_vision_text_common.zzcv -> com.google.android.gms.internal.mlkit_vision_text_common.zzcv:
# {"id":"sourceFile","fileName":"com.google.android.gms:play-services-mlkit-text-recognition-common@@19.1.0"}
com.google.android.gms.internal.mlkit_vision_text_common.zzcw -> com.google.android.gms.internal.mlkit_vision_text_common.zzcw:
# {"id":"sourceFile","fileName":"com.google.android.gms:play-services-mlkit-text-recognition-common@@19.1.0"}
    1:1:void <clinit>() -> <clinit>
    2:2:void <clinit>() -> <clinit>
    3:3:void <clinit>() -> <clinit>
    1:1:void <init>(java.lang.String,int) -> <init>
    1:1:com.google.android.gms.internal.mlkit_vision_text_common.zzcw[] values() -> values
com.google.android.gms.internal.mlkit_vision_text_common.zzcx -> com.google.android.gms.internal.mlkit_vision_text_common.zzcx:
# {"id":"sourceFile","fileName":"com.google.android.gms:play-services-mlkit-text-recognition-common@@19.1.0"}
com.google.android.gms.internal.mlkit_vision_text_common.zzcy -> com.google.android.gms.internal.mlkit_vision_text_common.zzcy:
# {"id":"sourceFile","fileName":"com.google.android.gms:play-services-mlkit-text-recognition-common@@19.1.0"}
    0:0:void encode(java.lang.Object,java.lang.Object) -> encode
com.google.android.gms.internal.mlkit_vision_text_common.zzcz -> com.google.android.gms.internal.mlkit_vision_text_common.zzcz:
# {"id":"sourceFile","fileName":"com.google.android.gms:play-services-mlkit-text-recognition-common@@19.1.0"}
    1:1:void <clinit>() -> <clinit>
    2:2:void <clinit>() -> <clinit>
    3:3:void <clinit>() -> <clinit>
    4:4:void <clinit>() -> <clinit>
    1:1:void <init>(java.io.OutputStream,java.util.Map,java.util.Map,com.google.firebase.encoders.ObjectEncoder) -> <init>
    4:4:com.google.firebase.encoders.ObjectEncoderContext add(com.google.firebase.encoders.FieldDescriptor,long) -> add
    5:5:com.google.firebase.encoders.ObjectEncoderContext add(com.google.firebase.encoders.FieldDescriptor,java.lang.Object) -> add
    1:1:com.google.firebase.encoders.ObjectEncoderContext zza(com.google.firebase.encoders.FieldDescriptor,double,boolean) -> zza
    2:2:com.google.firebase.encoders.ObjectEncoderContext zza(com.google.firebase.encoders.FieldDescriptor,double,boolean) -> zza
    3:3:com.google.firebase.encoders.ObjectEncoderContext zza(com.google.firebase.encoders.FieldDescriptor,double,boolean) -> zza
    1:1:com.google.firebase.encoders.ObjectEncoderContext zzb(com.google.firebase.encoders.FieldDescriptor,float,boolean) -> zzb
    2:2:com.google.firebase.encoders.ObjectEncoderContext zzb(com.google.firebase.encoders.FieldDescriptor,float,boolean) -> zzb
com.google.android.gms.internal.mlkit_vision_text_common.zzd -> com.google.android.gms.internal.mlkit_vision_text_common.zzd:
# {"id":"sourceFile","fileName":"com.google.android.gms:play-services-mlkit-text-recognition-common@@19.1.0"}
    0:0:void <clinit>() -> <clinit>
    2:2:void <init>(int,int,int,long,int) -> <init>
    1:1:void writeToParcel(android.os.Parcel,int) -> writeToParcel
    2:2:void writeToParcel(android.os.Parcel,int) -> writeToParcel
    3:3:void writeToParcel(android.os.Parcel,int) -> writeToParcel
    4:4:void writeToParcel(android.os.Parcel,int) -> writeToParcel
    5:5:void writeToParcel(android.os.Parcel,int) -> writeToParcel
    6:6:void writeToParcel(android.os.Parcel,int) -> writeToParcel
    7:7:void writeToParcel(android.os.Parcel,int) -> writeToParcel
com.google.android.gms.internal.mlkit_vision_text_common.zzda -> com.google.android.gms.internal.mlkit_vision_text_common.zzda:
# {"id":"sourceFile","fileName":"com.google.android.gms:play-services-mlkit-text-recognition-common@@19.1.0"}
    1:1:void encode(java.lang.Object,java.lang.Object) -> encode
    2:2:void encode(java.lang.Object,java.lang.Object) -> encode